********************************************************************************
DUPLICATOR-LITE PACKAGE-LOG: September 22, 2020 11:04 pm
NOTICE: Do NOT post to public sites or forums 
********************************************************************************
VERSION:	1.3.38
WORDPRESS:	5.5
PHP INFO:	7.4.1 | SAPI: apache2handler
SERVER:		Apache/2.2.31 (Win32) DAV/2 mod_ssl/2.2.31 OpenSSL/1.0.2h mod_fcgid/2.3.9 mod_wsgi/3.4 Python/2.7.6 PHP/7.4.1 mod_perl/2.0.8 Perl/v5.16.3 
PHP TIME LIMIT: (0) no time limit imposed 
PHP MAX MEMORY: 4294967296 (128M default) 
MEMORY STACK: 12MB

********************************************************************************
DATABASE:
********************************************************************************
BUILD MODE:   PHP(query limit - 100)
MYSQLTIMEOUT: 5000
MYSQLDUMP:    Not Supported
TABLES: total:13 | filtered:0 | create:13
FILTERED: []
SQL CREATED: 20200922_rest_f4ccc11db9e3397c7501_20200922230402_database.sql
SQL FILE SIZE: 234.11KB (239732)
SQL FILE TIME: 2020-09-22 23:04:16
SQL RUNTIME: 1.97 sec.

********************************************************************************
ARCHIVE (ZIP):
********************************************************************************
ARCHIVE DIR:  C:/Users/User/Desktop/sites/Rest
ARCHIVE FILE: 20200922_rest_f4ccc11db9e3397c7501_20200922230402_archive.zip
FILTERS: *OFF*
DIRS:
	not set
FILES:
	not set
EXTS:  not set
----------------------------------------
COMPRESSING
SIZE:	58.98MB
STATS:	Dirs 338 | Files 2,533
SQL ADDED: 20200922_rest_f4ccc11db9e3397c7501_20200922230402_database.sql
ZipArchive Object
(
    [status] => 0
    [statusSys] => 0
    [numFiles] => 2871
    [filename] => C:\Users\User\Desktop\sites\Rest\wp-content\backups-dup-lite\tmp\20200922_rest_f4ccc11db9e3397c7501_20200922230402_archive.zip
    [comment] => 
)

FILE ADDED TO ZIP: 2870
COMPRESSION RESULT: '1'
COMPRESSED SIZE: 18.6MB
ARCHIVE RUNTIME: 12.71 sec.
MEMORY STACK: 12MB
building installer
add_extra_files1
add_extra_files2
add_extra_files3
add_extra_files4
Doing archive file check
add_extra_files5
add_extra_files6
add_extra_files8
Successfully opened zip C:/Users/User/Desktop/sites/Rest/wp-content/backups-dup-lite/tmp/20200922_rest_f4ccc11db9e3397c7501_20200922230402_archive.zip
Adding enhanced installer files to archive using ZipArchive
Installer files added to archive
Added to archive
After ziparchive close when adding installer

********************************************************************************
INTEGRITY CHECKS:
********************************************************************************
SQL FILE: 234.11KB
INSTALLER FILE: 61.31KB
ARCHIVE FILE: 20.08MB 
EXPECTED FILE/DIRECTORY COUNT: 2,871
ACTUAL FILE/DIRECTORY COUNT: 2,870
ARCHIVE CONSISTENCY TEST: Pass

********************************************************************************
RECORD ID:[1]
TOTAL PROCESS RUNTIME: 17.73 sec.
PEAK PHP MEMORY USED: 12MB
DONE PROCESSING => 20200922_rest September 22, 2020 11:04 pm

